
Collecting usage statistics. To deactivate, set browser.gatherUsageStats to false.


  You can now view your Streamlit app in your browser.

  Local URL: http://localhost:8501
  Network URL: http://192.168.0.2:8501
  External URL: http://35.224.132.190:8501

HTTP Error 404: {"quoteSummary":{"result":null,"error":{"code":"Not Found","description":"Quote not found for symbol: ^NIFTYJR"}}}
$^NIFTYJR: possibly delisted; no price data found  (period=1y) (Yahoo error = "No data found, symbol may be delisted")

1 Failed download:
['^NIFTYJR']: possibly delisted; no price data found  (period=1y) (Yahoo error = "No data found, symbol may be delisted")
2026-01-16 05:08:56.137 Please replace `use_container_width` with `width`.

`use_container_width` will be removed after 2025-12-31.

For `use_container_width=True`, use `width='stretch'`. For `use_container_width=False`, use `width='content'`.
HTTP Error 404: {"quoteSummary":{"result":null,"error":{"code":"Not Found","description":"Quote not found for symbol: ^NIFTYJR"}}}
$^NIFTYJR: possibly delisted; no price data found  (period=1y) (Yahoo error = "No data found, symbol may be delisted")

1 Failed download:
['^NIFTYJR']: possibly delisted; no price data found  (period=1y) (Yahoo error = "No data found, symbol may be delisted")
$^NIFTYJR: possibly delisted; no price data found  (period=1y) (Yahoo error = "No data found, symbol may be delisted")

1 Failed download:
['^NIFTYJR']: possibly delisted; no price data found  (period=1y) (Yahoo error = "No data found, symbol may be delisted")
2026-01-16 05:11:19.175 Please replace `use_container_width` with `width`.

`use_container_width` will be removed after 2025-12-31.

For `use_container_width=True`, use `width='stretch'`. For `use_container_width=False`, use `width='content'`.
